<?xml version="1.0" encoding="UTF-8"?>
<testsuite name="frc.LoadModuleConfiguration_test" tests="1" skipped="0" failures="0" errors="0" timestamp="2025-02-08T16:48:50" hostname="DESKTOP-S65OCKP" time="2.677">
  <properties/>
  <testcase name="loadAndTestAll_Modules()" classname="frc.LoadModuleConfiguration_test" time="2.677"/>
  <system-out><![CDATA[]]></system-out>
  <system-err><![CDATA[]]></system-err>
</testsuite>
