<?xml version="1.0" encoding="UTF-8"?>
<testsuite name="frc.robot.LoadModuleConfiguration_test" tests="1" skipped="0" failures="0" errors="0" timestamp="2025-01-16T18:37:40" hostname="AOs-Mac-Studio.local" time="0.428">
  <properties/>
  <testcase name="loadAndTestAll_Modules()" classname="frc.robot.LoadModuleConfiguration_test" time="0.428"/>
  <system-out><![CDATA[]]></system-out>
  <system-err><![CDATA[]]></system-err>
</testsuite>
